<?xml version="1.0" encoding="UTF-8"?>
<!-- Generated by org.testng.reporters.JUnitReportReporter -->
<testsuite skipped="0" hostname="DESKTOP-BLFTK83" name="testcase.ExecuteTest" tests="1" failures="0" timestamp="08 Nov 2018 08:31:19 GMT" time="82.527" errors="0">
  <testcase name="testLogin" time="82.527" classname="testcase.ExecuteTest"/>
</testsuite> <!-- testcase.ExecuteTest -->
